<?xml version="1.0" encoding="UTF-8"?>
<testsuite name="com.ahmadkharfan.androidstudiolite.feature.buildrun.install.InstallPromptClaimRegistryTest" tests="1" skipped="0" failures="0" errors="0" timestamp="2026-07-31T14:29:19.294Z" hostname="pop-os" time="0.003">
  <properties/>
  <testcase name="a confirmation token can only be presented once until terminal cleanup" classname="com.ahmadkharfan.androidstudiolite.feature.buildrun.install.InstallPromptClaimRegistryTest" time="0.002"/>
  <system-out><![CDATA[]]></system-out>
  <system-err><![CDATA[]]></system-err>
</testsuite>
