<?xml version="1.0" encoding="UTF-8"?>
<testsuite name="com.ahmadkharfan.androidstudiolite.feature.buildrun.ActiveBuildFreshnessTest" tests="5" skipped="0" failures="0" errors="0" timestamp="2026-07-30T08:29:07.330Z" hostname="pop-os" time="0.036">
  <properties/>
  <testcase name="zero or negative elapsed time is fresh" classname="com.ahmadkharfan.androidstudiolite.feature.buildrun.ActiveBuildFreshnessTest" time="0.004"/>
  <testcase name="build started within window is fresh" classname="com.ahmadkharfan.androidstudiolite.feature.buildrun.ActiveBuildFreshnessTest" time="0.004"/>
  <testcase name="build older than window is stale" classname="com.ahmadkharfan.androidstudiolite.feature.buildrun.ActiveBuildFreshnessTest" time="0.0"/>
  <testcase name="build one millisecond beyond age boundary is stale" classname="com.ahmadkharfan.androidstudiolite.feature.buildrun.ActiveBuildFreshnessTest" time="0.003"/>
  <testcase name="build at exact age boundary is fresh" classname="com.ahmadkharfan.androidstudiolite.feature.buildrun.ActiveBuildFreshnessTest" time="0.002"/>
  <system-out><![CDATA[]]></system-out>
  <system-err><![CDATA[]]></system-err>
</testsuite>
