<?xml version="1.0" encoding="UTF-8"?>
<testsuite name="com.ahmadkharfan.androidstudiolite.feature.git.GitErrorMessageMapperTest" tests="5" skipped="0" failures="0" errors="0" timestamp="2026-07-30T08:49:53.513Z" hostname="pop-os" time="0.022">
  <properties/>
  <testcase name="mergeConflictPointsToConflictSection" classname="com.ahmadkharfan.androidstudiolite.feature.git.GitErrorMessageMapperTest" time="0.008"/>
  <testcase name="staleLeaseSuggestsFetch" classname="com.ahmadkharfan.androidstudiolite.feature.git.GitErrorMessageMapperTest" time="0.001"/>
  <testcase name="authErrorIsActionable" classname="com.ahmadkharfan.androidstudiolite.feature.git.GitErrorMessageMapperTest" time="0.001"/>
  <testcase name="nonFastForwardSuggestsPull" classname="com.ahmadkharfan.androidstudiolite.feature.git.GitErrorMessageMapperTest" time="0.002"/>
  <testcase name="repositoryLockSuggestsRetry" classname="com.ahmadkharfan.androidstudiolite.feature.git.GitErrorMessageMapperTest" time="0.002"/>
  <system-out><![CDATA[]]></system-out>
  <system-err><![CDATA[]]></system-err>
</testsuite>
