<?xml version="1.0" encoding="UTF-8"?>
<testsuite name="com.ahmadkharfan.androidstudiolite.feature.git.GitPanelControllersTest" tests="10" skipped="0" failures="0" errors="0" timestamp="2026-07-30T08:30:53.033Z" hostname="pop-os" time="0.491">
  <properties/>
  <testcase name="bulk staging and restore use exactly the eligible selected paths then clear selection" classname="com.ahmadkharfan.androidstudiolite.feature.git.GitPanelControllersTest" time="0.301"/>
  <testcase name="operation dialogs confirm or dismiss abort and restore while continue resumes rebase" classname="com.ahmadkharfan.androidstudiolite.feature.git.GitPanelControllersTest" time="0.02"/>
  <testcase name="selection actions toggle paths sections and the complete change set" classname="com.ahmadkharfan.androidstudiolite.feature.git.GitPanelControllersTest" time="0.009"/>
  <testcase name="submodule actions load close initialise and update with visible outcomes" classname="com.ahmadkharfan.androidstudiolite.feature.git.GitPanelControllersTest" time="0.021"/>
  <testcase name="clean preview follows ignored choice confirm cleans and dismiss clears preview" classname="com.ahmadkharfan.androidstudiolite.feature.git.GitPanelControllersTest" time="0.032"/>
  <testcase name="author actions prefill edit persist clear and dismiss without saving" classname="com.ahmadkharfan.androidstudiolite.feature.git.GitPanelControllersTest" time="0.031"/>
  <testcase name="bootstrap actions edit confirm and dismiss the dialog" classname="com.ahmadkharfan.androidstudiolite.feature.git.GitPanelControllersTest" time="0.022"/>
  <testcase name="single stage and unstage move only the requested path" classname="com.ahmadkharfan.androidstudiolite.feature.git.GitPanelControllersTest" time="0.014"/>
  <testcase name="selecting a change loads its diff and closing clears it" classname="com.ahmadkharfan.androidstudiolite.feature.git.GitPanelControllersTest" time="0.017"/>
  <testcase name="stage all and unstage all move every change" classname="com.ahmadkharfan.androidstudiolite.feature.git.GitPanelControllersTest" time="0.018"/>
  <system-out><![CDATA[]]></system-out>
  <system-err><![CDATA[]]></system-err>
</testsuite>
