<?xml version="1.0" encoding="UTF-8"?>
<testsuite name="com.ahmadkharfan.androidstudiolite.feature.git.history.GitGraphLayoutCharacterizationTest" tests="1" skipped="0" failures="0" errors="0" timestamp="2026-07-30T08:49:55.352Z" hostname="pop-os" time="0.004">
  <properties/>
  <testcase name="merge pagination retains complete row and cursor layout" classname="com.ahmadkharfan.androidstudiolite.feature.git.history.GitGraphLayoutCharacterizationTest" time="0.003"/>
  <system-out><![CDATA[]]></system-out>
  <system-err><![CDATA[]]></system-err>
</testsuite>
