<?xml version="1.0" encoding="UTF-8"?>
<testsuite name="com.ahmadkharfan.androidstudiolite.feature.projects.TemplateRegistryTest" tests="2" skipped="0" failures="0" errors="0" timestamp="2026-07-30T08:49:53.657Z" hostname="pop-os" time="0.179">
  <properties/>
  <testcase name="every template points at thumbnail artwork that exists" classname="com.ahmadkharfan.androidstudiolite.feature.projects.TemplateRegistryTest" time="0.14"/>
  <testcase name="templates are listed in the same order, under the same names" classname="com.ahmadkharfan.androidstudiolite.feature.projects.TemplateRegistryTest" time="0.006"/>
  <system-out><![CDATA[]]></system-out>
  <system-err><![CDATA[]]></system-err>
</testsuite>
