<?xml version="1.0" encoding="UTF-8"?>
<testsuite name="com.ahmadkharfan.androidstudiolite.data.local.GitUrlRedactorTest" tests="3" skipped="0" failures="0" errors="0" timestamp="2026-07-20T10:56:07.155Z" hostname="pop-os" time="0.007">
  <properties/>
  <testcase name="auth transport failures map to typed redacted errors" classname="com.ahmadkharfan.androidstudiolite.data.local.GitUrlRedactorTest" time="0.006"/>
  <testcase name="redacts embedded credentials from exception messages" classname="com.ahmadkharfan.androidstudiolite.data.local.GitUrlRedactorTest" time="0.001"/>
  <testcase name="strips user info while preserving remote components" classname="com.ahmadkharfan.androidstudiolite.data.local.GitUrlRedactorTest" time="0.0"/>
  <system-out><![CDATA[]]></system-out>
  <system-err><![CDATA[]]></system-err>
</testsuite>
