<?xml version="1.0" encoding="UTF-8"?>
<testsuite name="com.ahmadkharfan.androidstudiolite.feature.editor.MarkBuildTabTest" tests="2" skipped="0" failures="0" errors="0" timestamp="2026-07-31T14:29:19.676Z" hostname="pop-os" time="0.002">
  <properties/>
  <testcase name="clearsErrorAndCountWhenReset" classname="com.ahmadkharfan.androidstudiolite.feature.editor.MarkBuildTabTest" time="0.001"/>
  <testcase name="updatesOnlyTheBuildTab" classname="com.ahmadkharfan.androidstudiolite.feature.editor.MarkBuildTabTest" time="0.001"/>
  <system-out><![CDATA[]]></system-out>
  <system-err><![CDATA[]]></system-err>
</testsuite>
