<?xml version="1.0" encoding="UTF-8"?>
<testsuite name="com.ahmadkharfan.androidstudiolite.feature.editor.EditorFileTreePresentationTest" tests="3" skipped="0" failures="0" errors="0" timestamp="2026-07-31T14:20:05.816Z" hostname="pop-os" time="0.043">
  <properties/>
  <testcase name="layeredGitStatusIsNullForUntrackedFileOrMissingRoot" classname="com.ahmadkharfan.androidstudiolite.feature.editor.EditorFileTreePresentationTest" time="0.034"/>
  <testcase name="toEditorNodeLayersGitStatusOnFilesAndLeavesFoldersUnmarked" classname="com.ahmadkharfan.androidstudiolite.feature.editor.EditorFileTreePresentationTest" time="0.006"/>
  <testcase name="layeredGitStatusResolvesPathRelativeToProjectRoot" classname="com.ahmadkharfan.androidstudiolite.feature.editor.EditorFileTreePresentationTest" time="0.001"/>
  <system-out><![CDATA[]]></system-out>
  <system-err><![CDATA[]]></system-err>
</testsuite>
