<?xml version="1.0" encoding="UTF-8"?>
<testsuite name="com.ahmadkharfan.androidstudiolite.feature.editor.engine.EditorSessionTest" tests="6" skipped="0" failures="0" errors="0" timestamp="2026-07-31T14:29:19.791Z" hostname="pop-os" time="0.004">
  <properties/>
  <testcase name="newlineBreaksCoalescing" classname="com.ahmadkharfan.androidstudiolite.feature.editor.engine.EditorSessionTest" time="0.002"/>
  <testcase name="undoRestoresCaret" classname="com.ahmadkharfan.androidstudiolite.feature.editor.engine.EditorSessionTest" time="0.001"/>
  <testcase name="typingRun_coalescesIntoSingleUndo" classname="com.ahmadkharfan.androidstudiolite.feature.editor.engine.EditorSessionTest" time="0.0"/>
  <testcase name="incrementalHighlight_propagatesBlockCommentToLaterLine" classname="com.ahmadkharfan.androidstudiolite.feature.editor.engine.EditorSessionTest" time="0.0"/>
  <testcase name="revisionIncrementsPerEdit" classname="com.ahmadkharfan.androidstudiolite.feature.editor.engine.EditorSessionTest" time="0.0"/>
  <testcase name="backspaceRun_coalesces" classname="com.ahmadkharfan.androidstudiolite.feature.editor.engine.EditorSessionTest" time="0.001"/>
  <system-out><![CDATA[]]></system-out>
  <system-err><![CDATA[]]></system-err>
</testsuite>
