<?xml version="1.0" encoding="UTF-8"?>
<testsuite name="com.ahmadkharfan.androidstudiolite.feature.editor.engine.FunctionBodyCompletionTest" tests="2" skipped="0" failures="0" errors="0" timestamp="2026-07-30T08:32:54.547Z" hostname="pop-os" time="0.003">
  <properties/>
  <testcase name="emptyFunctionBody_doesNotOfferKeywords" classname="com.ahmadkharfan.androidstudiolite.feature.editor.engine.FunctionBodyCompletionTest" time="0.001"/>
  <testcase name="composeCall_doesNotOfferKeywordsOnOpenParen" classname="com.ahmadkharfan.androidstudiolite.feature.editor.engine.FunctionBodyCompletionTest" time="0.001"/>
  <system-out><![CDATA[]]></system-out>
  <system-err><![CDATA[]]></system-err>
</testsuite>
