<?xml version="1.0" encoding="UTF-8"?>
<testsuite name="com.ahmadkharfan.androidstudiolite.feature.editor.engine.CallArgumentCompletionTest" tests="7" skipped="0" failures="0" errors="0" timestamp="2026-07-30T08:32:54.390Z" hostname="pop-os" time="0.037">
  <properties/>
  <testcase name="callArgument_excludesStatementKeywords" classname="com.ahmadkharfan.androidstudiolite.feature.editor.engine.CallArgumentCompletionTest" time="0.023"/>
  <testcase name="textCall_offersNamedTextParameter" classname="com.ahmadkharfan.androidstudiolite.feature.editor.engine.CallArgumentCompletionTest" time="0.001"/>
  <testcase name="textCall_offersAllNamedParametersAtOpenParen" classname="com.ahmadkharfan.androidstudiolite.feature.editor.engine.CallArgumentCompletionTest" time="0.001"/>
  <testcase name="suppliedNamedArg_notReoffered" classname="com.ahmadkharfan.androidstudiolite.feature.editor.engine.CallArgumentCompletionTest" time="0.001"/>
  <testcase name="namedArg_insertsNameEquals" classname="com.ahmadkharfan.androidstudiolite.feature.editor.engine.CallArgumentCompletionTest" time="0.001"/>
  <testcase name="colorParameter_offersColorConstants" classname="com.ahmadkharfan.androidstudiolite.feature.editor.engine.CallArgumentCompletionTest" time="0.002"/>
  <testcase name="columnCall_modifierParam_offersModifierMembers" classname="com.ahmadkharfan.androidstudiolite.feature.editor.engine.CallArgumentCompletionTest" time="0.007"/>
  <system-out><![CDATA[]]></system-out>
  <system-err><![CDATA[]]></system-err>
</testsuite>
