<?xml version="1.0" encoding="UTF-8"?>
<testsuite name="com.ahmadkharfan.androidstudiolite.feature.editor.engine.FunctionBodyCompletionTest" tests="2" skipped="0" failures="0" errors="0" timestamp="2026-07-30T08:49:42.494Z" hostname="pop-os" time="0.008">
  <properties/>
  <testcase name="emptyFunctionBody_doesNotOfferKeywords" classname="com.ahmadkharfan.androidstudiolite.feature.editor.engine.FunctionBodyCompletionTest" time="0.002"/>
  <testcase name="composeCall_doesNotOfferKeywordsOnOpenParen" classname="com.ahmadkharfan.androidstudiolite.feature.editor.engine.FunctionBodyCompletionTest" time="0.005"/>
  <system-out><![CDATA[]]></system-out>
  <system-err><![CDATA[]]></system-err>
</testsuite>
