<?xml version="1.0" encoding="UTF-8"?>
<testsuite name="com.ahmadkharfan.androidstudiolite.feature.editor.engine.KotlinLexUtilTest" tests="4" skipped="0" failures="0" errors="0" timestamp="2026-07-30T08:32:54.613Z" hostname="pop-os" time="0.004">
  <properties/>
  <testcase name="insideStringLiteral_detectsRegularString" classname="com.ahmadkharfan.androidstudiolite.feature.editor.engine.KotlinLexUtilTest" time="0.001"/>
  <testcase name="composableStringExit_detectsBeforeClosingQuote" classname="com.ahmadkharfan.androidstudiolite.feature.editor.engine.KotlinLexUtilTest" time="0.001"/>
  <testcase name="declarationBeforeParen_notForCall" classname="com.ahmadkharfan.androidstudiolite.feature.editor.engine.KotlinLexUtilTest" time="0.0"/>
  <testcase name="declarationBeforeParen_funKeyword" classname="com.ahmadkharfan.androidstudiolite.feature.editor.engine.KotlinLexUtilTest" time="0.001"/>
  <system-out><![CDATA[]]></system-out>
  <system-err><![CDATA[]]></system-err>
</testsuite>
