<?xml version="1.0" encoding="UTF-8"?>
<testsuite name="com.ahmadkharfan.androidstudiolite.feature.editor.engine.BracketMatchingTest" tests="6" skipped="0" failures="0" errors="0" timestamp="2026-07-30T08:32:54.385Z" hostname="pop-os" time="0.002">
  <properties/>
  <testcase name="respectsNesting" classname="com.ahmadkharfan.androidstudiolite.feature.editor.engine.BracketMatchingTest" time="0.001"/>
  <testcase name="mixedBracketTypes" classname="com.ahmadkharfan.androidstudiolite.feature.editor.engine.BracketMatchingTest" time="0.0"/>
  <testcase name="matchesForwardFromOpener" classname="com.ahmadkharfan.androidstudiolite.feature.editor.engine.BracketMatchingTest" time="0.0"/>
  <testcase name="nullForUnmatchedBracket" classname="com.ahmadkharfan.androidstudiolite.feature.editor.engine.BracketMatchingTest" time="0.0"/>
  <testcase name="nullWhenNotAdjacentToBracket" classname="com.ahmadkharfan.androidstudiolite.feature.editor.engine.BracketMatchingTest" time="0.0"/>
  <testcase name="matchesBackwardFromCloser" classname="com.ahmadkharfan.androidstudiolite.feature.editor.engine.BracketMatchingTest" time="0.001"/>
  <system-out><![CDATA[]]></system-out>
  <system-err><![CDATA[]]></system-err>
</testsuite>
