<?xml version="1.0" encoding="UTF-8"?>
<testsuite name="com.ahmadkharfan.androidstudiolite.feature.editor.engine.EditorDocumentTest" tests="6" skipped="0" failures="0" errors="0" timestamp="2026-07-30T08:49:42.404Z" hostname="pop-os" time="0.004">
  <properties/>
  <testcase name="deleteNewline_mergesLines" classname="com.ahmadkharfan.androidstudiolite.feature.editor.engine.EditorDocumentTest" time="0.001"/>
  <testcase name="insertNewlines_growsLineIndex" classname="com.ahmadkharfan.androidstudiolite.feature.editor.engine.EditorDocumentTest" time="0.0"/>
  <testcase name="replaceMultiLineRange_updatesIndex" classname="com.ahmadkharfan.androidstudiolite.feature.editor.engine.EditorDocumentTest" time="0.001"/>
  <testcase name="lineIndex_onInitialText" classname="com.ahmadkharfan.androidstudiolite.feature.editor.engine.EditorDocumentTest" time="0.0"/>
  <testcase name="offsetPositionRoundTrip" classname="com.ahmadkharfan.androidstudiolite.feature.editor.engine.EditorDocumentTest" time="0.001"/>
  <testcase name="insertWithinLine_keepsLineCount_shiftsFollowing" classname="com.ahmadkharfan.androidstudiolite.feature.editor.engine.EditorDocumentTest" time="0.0"/>
  <system-out><![CDATA[]]></system-out>
  <system-err><![CDATA[]]></system-err>
</testsuite>
