<?xml version="1.0" encoding="UTF-8"?>
<testsuite name="com.ahmadkharfan.androidstudiolite.feature.editor.engine.CompletionRankingCharacterizationTest" tests="3" skipped="0" failures="0" errors="0" timestamp="2026-07-30T08:32:54.431Z" hostname="pop-os" time="0.018">
  <properties/>
  <testcase name="call argument ranking retains parameter order" classname="com.ahmadkharfan.androidstudiolite.feature.editor.engine.CompletionRankingCharacterizationTest" time="0.011"/>
  <testcase name="controller name ranking retains merged kind and label order" classname="com.ahmadkharfan.androidstudiolite.feature.editor.engine.CompletionRankingCharacterizationTest" time="0.004"/>
  <testcase name="built in name ranking retains kind and label order" classname="com.ahmadkharfan.androidstudiolite.feature.editor.engine.CompletionRankingCharacterizationTest" time="0.001"/>
  <system-out><![CDATA[]]></system-out>
  <system-err><![CDATA[]]></system-err>
</testsuite>
