<?xml version="1.0" encoding="UTF-8"?>
<testsuite name="com.ahmadkharfan.androidstudiolite.feature.editor.EditorFileTreePresentationTest" tests="3" skipped="0" failures="0" errors="0" timestamp="2026-07-30T08:32:53.845Z" hostname="pop-os" time="0.043">
  <properties/>
  <testcase name="layeredGitStatusIsNullForUntrackedFileOrMissingRoot" classname="com.ahmadkharfan.androidstudiolite.feature.editor.EditorFileTreePresentationTest" time="0.032"/>
  <testcase name="toEditorNodeLayersGitStatusOnFilesAndLeavesFoldersUnmarked" classname="com.ahmadkharfan.androidstudiolite.feature.editor.EditorFileTreePresentationTest" time="0.01"/>
  <testcase name="layeredGitStatusResolvesPathRelativeToProjectRoot" classname="com.ahmadkharfan.androidstudiolite.feature.editor.EditorFileTreePresentationTest" time="0.001"/>
  <system-out><![CDATA[]]></system-out>
  <system-err><![CDATA[]]></system-err>
</testsuite>
